<?xml version="1.0" encoding="UTF-8"?>
<testng-results ignored="0" total="3" passed="2" failed="1" skipped="0">
  <reporter-output>
  </reporter-output>
  <suite started-at="2024-07-04T15:25:51 EDT" name="Amazon" finished-at="2024-07-04T15:27:51 EDT" duration-ms="120074">
    <groups>
    </groups>
    <test started-at="2024-07-04T15:25:51 EDT" name="TestNG" finished-at="2024-07-04T15:27:51 EDT" duration-ms="120074">
      <class name="testLayer.AZTestCases">
        <test-method is-config="true" signature="initSetup()[pri:0, instance:testLayer.AZTestCases@397fbdb]" started-at="2024-07-04T15:25:51 EDT" name="initSetup" finished-at="2024-07-04T15:26:15 EDT" duration-ms="23818" status="PASS">
          <reporter-output>
          </reporter-output>
        </test-method> <!-- initSetup -->
        <test-method signature="updatename()[pri:0, instance:testLayer.AZTestCases@397fbdb]" started-at="2024-07-04T15:26:15 EDT" name="updatename" finished-at="2024-07-04T15:26:15 EDT" duration-ms="25" status="FAIL">
          <exception class="java.lang.NullPointerException">
            <message>
              <![CDATA[Cannot invoke "org.openqa.selenium.WebElement.click()" because "this.LoginSc" is null]]>
            </message>
            <full-stacktrace>
              <![CDATA[java.lang.NullPointerException: Cannot invoke "org.openqa.selenium.WebElement.click()" because "this.LoginSc" is null
at pompackage.PomLoginSc.Login(PomLoginSc.java:20)
at testLayer.AZTestCases.updatename(AZTestCases.java:121)
at java.base/jdk.internal.reflect.DirectMethodHandleAccessor.invoke(DirectMethodHandleAccessor.java:103)
at java.base/java.lang.reflect.Method.invoke(Method.java:580)
at org.testng.internal.invokers.MethodInvocationHelper.invokeMethod(MethodInvocationHelper.java:141)
at org.testng.internal.invokers.TestInvoker.invokeMethod(TestInvoker.java:686)
at org.testng.internal.invokers.TestInvoker.invokeTestMethod(TestInvoker.java:230)
at org.testng.internal.invokers.MethodRunner.runInSequence(MethodRunner.java:63)
at org.testng.internal.invokers.TestInvoker$MethodInvocationAgent.invoke(TestInvoker.java:992)
at org.testng.internal.invokers.TestInvoker.invokeTestMethods(TestInvoker.java:203)
at org.testng.internal.invokers.TestMethodWorker.invokeTestMethods(TestMethodWorker.java:154)
at org.testng.internal.invokers.TestMethodWorker.run(TestMethodWorker.java:134)
at java.base/java.util.ArrayList.forEach(ArrayList.java:1597)
at org.testng.TestRunner.privateRun(TestRunner.java:739)
at org.testng.TestRunner.run(TestRunner.java:614)
at org.testng.SuiteRunner.runTest(SuiteRunner.java:421)
at org.testng.SuiteRunner$SuiteWorker.run(SuiteRunner.java:463)
at org.testng.internal.thread.ThreadUtil.lambda$execute$0(ThreadUtil.java:64)
at java.base/java.util.concurrent.FutureTask.run(FutureTask.java:317)
at java.base/java.util.concurrent.ThreadPoolExecutor.runWorker(ThreadPoolExecutor.java:1144)
at java.base/java.util.concurrent.ThreadPoolExecutor$Worker.run(ThreadPoolExecutor.java:642)
at java.base/java.lang.Thread.run(Thread.java:1570)
]]>
            </full-stacktrace>
          </exception> <!-- java.lang.NullPointerException -->
          <reporter-output>
          </reporter-output>
        </test-method> <!-- updatename -->
        <test-method is-config="true" signature="close()[pri:0, instance:testLayer.AZTestCases@397fbdb]" started-at="2024-07-04T15:26:15 EDT" name="close" finished-at="2024-07-04T15:26:15 EDT" duration-ms="317" status="PASS">
          <reporter-output>
          </reporter-output>
        </test-method> <!-- close -->
        <test-method is-config="true" signature="initSetup()[pri:0, instance:testLayer.AZTestCases@397fbdb]" started-at="2024-07-04T15:26:15 EDT" name="initSetup" finished-at="2024-07-04T15:26:55 EDT" duration-ms="39962" status="PASS">
          <reporter-output>
          </reporter-output>
        </test-method> <!-- initSetup -->
        <test-method signature="yourAddress()[pri:0, instance:testLayer.AZTestCases@397fbdb]" started-at="2024-07-04T15:26:55 EDT" name="yourAddress" finished-at="2024-07-04T15:27:09 EDT" duration-ms="13925" status="PASS">
          <reporter-output>
          </reporter-output>
        </test-method> <!-- yourAddress -->
        <test-method is-config="true" signature="close()[pri:0, instance:testLayer.AZTestCases@397fbdb]" started-at="2024-07-04T15:27:09 EDT" name="close" finished-at="2024-07-04T15:27:09 EDT" duration-ms="300" status="PASS">
          <reporter-output>
          </reporter-output>
        </test-method> <!-- close -->
        <test-method is-config="true" signature="initSetup()[pri:0, instance:testLayer.AZTestCases@397fbdb]" started-at="2024-07-04T15:27:09 EDT" name="initSetup" finished-at="2024-07-04T15:27:43 EDT" duration-ms="33652" status="PASS">
          <reporter-output>
          </reporter-output>
        </test-method> <!-- initSetup -->
        <test-method signature="yourorder()[pri:1, instance:testLayer.AZTestCases@397fbdb]" started-at="2024-07-04T15:27:43 EDT" name="yourorder" finished-at="2024-07-04T15:27:50 EDT" duration-ms="7483" status="PASS">
          <reporter-output>
          </reporter-output>
        </test-method> <!-- yourorder -->
        <test-method is-config="true" signature="close()[pri:0, instance:testLayer.AZTestCases@397fbdb]" started-at="2024-07-04T15:27:50 EDT" name="close" finished-at="2024-07-04T15:27:51 EDT" duration-ms="497" status="PASS">
          <reporter-output>
          </reporter-output>
        </test-method> <!-- close -->
      </class> <!-- testLayer.AZTestCases -->
    </test> <!-- TestNG -->
  </suite> <!-- Amazon -->
</testng-results>
