<?xml version="1.0" encoding="UTF-8"?>
<!-- Generated by org.testng.reporters.JUnitXMLReporter -->
<testsuite ignored="0" hostname="DESKTOP-EEFI99H" failures="1" tests="3" name="TestNG" time="120.074" errors="0" timestamp="2024-07-04T15:27:51 EDT">
  <testcase classname="testLayer.AZTestCases" name="updatename" time="0.025">
    <failure type="java.lang.NullPointerException" message="Cannot invoke &amp;quot;org.openqa.selenium.WebElement.click()&amp;quot; because &amp;quot;this.LoginSc&amp;quot; is null">
      <![CDATA[java.lang.NullPointerException: Cannot invoke "org.openqa.selenium.WebElement.click()" because "this.LoginSc" is null
at pompackage.PomLoginSc.Login(PomLoginSc.java:20)
at testLayer.AZTestCases.updatename(AZTestCases.java:121)
at java.base/java.util.ArrayList.forEach(ArrayList.java:1597)
at java.base/java.util.concurrent.FutureTask.run(FutureTask.java:317)
at java.base/java.util.concurrent.ThreadPoolExecutor.runWorker(ThreadPoolExecutor.java:1144)
at java.base/java.util.concurrent.ThreadPoolExecutor$Worker.run(ThreadPoolExecutor.java:642)
at java.base/java.lang.Thread.run(Thread.java:1570)
... Removed 15 stack frames]]>
    </failure>
  </testcase> <!-- updatename -->
  <testcase classname="testLayer.AZTestCases" name="yourAddress" time="13.925"/>
  <testcase classname="testLayer.AZTestCases" name="yourorder" time="7.483"/>
</testsuite> <!-- TestNG -->
